{"/home/luis/Programacion/ReactUdemy/GiphyApp/src/gifs/actions/get-gifs.actions.ts": {"path":"/home/luis/Programacion/ReactUdemy/GiphyApp/src/gifs/actions/get-gifs.actions.ts","statementMap":{"0":{"start":{"line":5,"column":30},"end":{"line":30,"column":null}},"1":{"start":{"line":6,"column":4},"end":{"line":8,"column":null}},"2":{"start":{"line":7,"column":8},"end":{"line":7,"column":null}},"3":{"start":{"line":9,"column":4},"end":{"line":28,"column":null}},"4":{"start":{"line":10,"column":25},"end":{"line":16,"column":null}},"5":{"start":{"line":17,"column":4},"end":{"line":23,"column":null}},"6":{"start":{"line":17,"column":44},"end":{"line":23,"column":null}},"7":{"start":{"line":26,"column":8},"end":{"line":26,"column":null}},"8":{"start":{"line":27,"column":8},"end":{"line":27,"column":null}}},"fnMap":{"0":{"name":"(anonymous_0)","decl":{"start":{"line":5,"column":30},"end":{"line":5,"column":37}},"loc":{"start":{"line":5,"column":37},"end":{"line":30,"column":null}},"line":5},"1":{"name":"(anonymous_1)","decl":{"start":{"line":17,"column":34},"end":{"line":17,"column":35}},"loc":{"start":{"line":17,"column":44},"end":{"line":23,"column":null}},"line":17}},"branchMap":{"0":{"loc":{"start":{"line":6,"column":4},"end":{"line":8,"column":null}},"type":"if","locations":[{"start":{"line":6,"column":4},"end":{"line":8,"column":null}},{"start":{},"end":{}}],"line":6}},"s":{"0":2,"1":6,"2":1,"3":5,"4":5,"5":4,"6":40,"7":1,"8":1},"f":{"0":6,"1":40},"b":{"0":[1,5]},"meta":{"lastBranch":1,"lastFunction":2,"lastStatement":9,"seen":{"s:5:30:30:Infinity":0,"f:5:30:5:37":0,"b:6:4:8:Infinity:undefined:undefined:undefined:undefined":0,"s:6:4:8:Infinity":1,"s:7:8:7:Infinity":2,"s:9:4:28:Infinity":3,"s:10:25:16:Infinity":4,"s:17:4:23:Infinity":5,"f:17:34:17:35":1,"s:17:44:23:Infinity":6,"s:26:8:26:Infinity":7,"s:27:8:27:Infinity":8}}}
,"/home/luis/Programacion/ReactUdemy/GiphyApp/src/gifs/api/giphy.api.ts": {"path":"/home/luis/Programacion/ReactUdemy/GiphyApp/src/gifs/api/giphy.api.ts","statementMap":{"0":{"start":{"line":3,"column":24},"end":{"line":9,"column":null}}},"fnMap":{},"branchMap":{},"s":{"0":3},"f":{},"b":{},"meta":{"lastBranch":0,"lastFunction":0,"lastStatement":1,"seen":{"s:3:24:9:Infinity":0}}}
,"/home/luis/Programacion/ReactUdemy/GiphyApp/src/gifs/hooks/useGifs.tsx": {"path":"/home/luis/Programacion/ReactUdemy/GiphyApp/src/gifs/hooks/useGifs.tsx","statementMap":{"0":{"start":{"line":7,"column":23},"end":{"line":43,"column":null}},"1":{"start":{"line":9,"column":25},"end":{"line":9,"column":null}},"2":{"start":{"line":10,"column":43},"end":{"line":10,"column":null}},"3":{"start":{"line":12,"column":10},"end":{"line":12,"column":null}},"4":{"start":{"line":14,"column":30},"end":{"line":23,"column":null}},"5":{"start":{"line":15,"column":8},"end":{"line":18,"column":null}},"6":{"start":{"line":16,"column":12},"end":{"line":16,"column":null}},"7":{"start":{"line":17,"column":12},"end":{"line":17,"column":null}},"8":{"start":{"line":19,"column":21},"end":{"line":19,"column":null}},"9":{"start":{"line":20,"column":8},"end":{"line":20,"column":null}},"10":{"start":{"line":21,"column":8},"end":{"line":21,"column":null}},"11":{"start":{"line":24,"column":25},"end":{"line":40,"column":null}},"12":{"start":{"line":25,"column":8},"end":{"line":25,"column":null}},"13":{"start":{"line":27,"column":8},"end":{"line":27,"column":null}},"14":{"start":{"line":27,"column":32},"end":{"line":27,"column":null}},"15":{"start":{"line":29,"column":8},"end":{"line":32,"column":null}},"16":{"start":{"line":30,"column":12},"end":{"line":30,"column":null}},"17":{"start":{"line":31,"column":12},"end":{"line":31,"column":null}},"18":{"start":{"line":35,"column":8},"end":{"line":35,"column":null}},"19":{"start":{"line":36,"column":21},"end":{"line":36,"column":null}},"20":{"start":{"line":37,"column":8},"end":{"line":37,"column":null}},"21":{"start":{"line":38,"column":8},"end":{"line":38,"column":null}},"22":{"start":{"line":42,"column":4},"end":{"line":42,"column":null}}},"fnMap":{"0":{"name":"(anonymous_0)","decl":{"start":{"line":7,"column":23},"end":{"line":7,"column":null}},"loc":{"start":{"line":7,"column":23},"end":{"line":43,"column":null}},"line":7},"1":{"name":"(anonymous_1)","decl":{"start":{"line":14,"column":30},"end":{"line":14,"column":37}},"loc":{"start":{"line":14,"column":37},"end":{"line":23,"column":null}},"line":14},"2":{"name":"(anonymous_2)","decl":{"start":{"line":24,"column":25},"end":{"line":24,"column":32}},"loc":{"start":{"line":24,"column":32},"end":{"line":40,"column":null}},"line":24}},"branchMap":{"0":{"loc":{"start":{"line":15,"column":8},"end":{"line":18,"column":null}},"type":"if","locations":[{"start":{"line":15,"column":8},"end":{"line":18,"column":null}},{"start":{},"end":{}}],"line":15},"1":{"loc":{"start":{"line":27,"column":8},"end":{"line":27,"column":null}},"type":"if","locations":[{"start":{"line":27,"column":8},"end":{"line":27,"column":null}},{"start":{},"end":{}}],"line":27},"2":{"loc":{"start":{"line":29,"column":8},"end":{"line":32,"column":null}},"type":"if","locations":[{"start":{"line":29,"column":8},"end":{"line":32,"column":null}},{"start":{},"end":{}}],"line":29}},"s":{"0":1,"1":17,"2":17,"3":17,"4":17,"5":2,"6":0,"7":0,"8":2,"9":2,"10":2,"11":17,"12":10,"13":10,"14":0,"15":10,"16":0,"17":0,"18":10,"19":10,"20":10,"21":10,"22":17},"f":{"0":17,"1":2,"2":10},"b":{"0":[0,2],"1":[0,10],"2":[0,10]},"meta":{"lastBranch":3,"lastFunction":3,"lastStatement":23,"seen":{"s:7:23:43:Infinity":0,"f:7:23:7:Infinity":0,"s:9:25:9:Infinity":1,"s:10:43:10:Infinity":2,"s:12:10:12:Infinity":3,"s:14:30:23:Infinity":4,"f:14:30:14:37":1,"b:15:8:18:Infinity:undefined:undefined:undefined:undefined":0,"s:15:8:18:Infinity":5,"s:16:12:16:Infinity":6,"s:17:12:17:Infinity":7,"s:19:21:19:Infinity":8,"s:20:8:20:Infinity":9,"s:21:8:21:Infinity":10,"s:24:25:40:Infinity":11,"f:24:25:24:32":2,"s:25:8:25:Infinity":12,"b:27:8:27:Infinity:undefined:undefined:undefined:undefined":1,"s:27:8:27:Infinity":13,"s:27:32:27:Infinity":14,"b:29:8:32:Infinity:undefined:undefined:undefined:undefined":2,"s:29:8:32:Infinity":15,"s:30:12:30:Infinity":16,"s:31:12:31:Infinity":17,"s:35:8:35:Infinity":18,"s:36:21:36:Infinity":19,"s:37:8:37:Infinity":20,"s:38:8:38:Infinity":21,"s:42:4:42:Infinity":22}}}
,"/home/luis/Programacion/ReactUdemy/GiphyApp/src/shared/componets/SearchBar.tsx": {"path":"/home/luis/Programacion/ReactUdemy/GiphyApp/src/shared/componets/SearchBar.tsx","statementMap":{"0":{"start":{"line":7,"column":25},"end":{"line":47,"column":null}},"1":{"start":{"line":9,"column":25},"end":{"line":9,"column":null}},"2":{"start":{"line":11,"column":2},"end":{"line":18,"column":null}},"3":{"start":{"line":12,"column":22},"end":{"line":14,"column":null}},"4":{"start":{"line":13,"column":6},"end":{"line":13,"column":null}},"5":{"start":{"line":15,"column":4},"end":{"line":17,"column":null}},"6":{"start":{"line":16,"column":6},"end":{"line":16,"column":null}},"7":{"start":{"line":20,"column":23},"end":{"line":23,"column":null}},"8":{"start":{"line":21,"column":4},"end":{"line":21,"column":null}},"9":{"start":{"line":22,"column":4},"end":{"line":22,"column":null}},"10":{"start":{"line":25,"column":24},"end":{"line":29,"column":null}},"11":{"start":{"line":26,"column":4},"end":{"line":28,"column":null}},"12":{"start":{"line":27,"column":6},"end":{"line":27,"column":null}},"13":{"start":{"line":38,"column":30},"end":{"line":38,"column":null}}},"fnMap":{"0":{"name":"(anonymous_0)","decl":{"start":{"line":7,"column":25},"end":{"line":7,"column":26}},"loc":{"start":{"line":7,"column":66},"end":{"line":47,"column":null}},"line":7},"1":{"name":"(anonymous_1)","decl":{"start":{"line":11,"column":12},"end":{"line":11,"column":null}},"loc":{"start":{"line":11,"column":12},"end":{"line":18,"column":5}},"line":11},"2":{"name":"(anonymous_2)","decl":{"start":{"line":12,"column":33},"end":{"line":12,"column":null}},"loc":{"start":{"line":12,"column":33},"end":{"line":14,"column":7}},"line":12},"3":{"name":"(anonymous_3)","decl":{"start":{"line":15,"column":11},"end":{"line":15,"column":null}},"loc":{"start":{"line":15,"column":11},"end":{"line":17,"column":null}},"line":15},"4":{"name":"(anonymous_4)","decl":{"start":{"line":20,"column":23},"end":{"line":20,"column":null}},"loc":{"start":{"line":20,"column":23},"end":{"line":23,"column":null}},"line":20},"5":{"name":"(anonymous_5)","decl":{"start":{"line":25,"column":24},"end":{"line":25,"column":25}},"loc":{"start":{"line":25,"column":25},"end":{"line":29,"column":null}},"line":25},"6":{"name":"(anonymous_6)","decl":{"start":{"line":38,"column":19},"end":{"line":38,"column":20}},"loc":{"start":{"line":38,"column":30},"end":{"line":38,"column":null}},"line":38}},"branchMap":{"0":{"loc":{"start":{"line":7,"column":27},"end":{"line":7,"column":49}},"type":"default-arg","locations":[{"start":{"line":7,"column":41},"end":{"line":7,"column":49}}],"line":7},"1":{"loc":{"start":{"line":26,"column":4},"end":{"line":28,"column":null}},"type":"if","locations":[{"start":{"line":26,"column":4},"end":{"line":28,"column":null}},{"start":{},"end":{}}],"line":26}},"s":{"0":1,"1":10,"2":10,"3":10,"4":2,"5":10,"6":10,"7":10,"8":1,"9":1,"10":10,"11":0,"12":0,"13":4},"f":{"0":10,"1":10,"2":2,"3":10,"4":1,"5":0,"6":4},"b":{"0":[10],"1":[0,0]},"meta":{"lastBranch":2,"lastFunction":7,"lastStatement":14,"seen":{"s:7:25:47:Infinity":0,"f:7:25:7:26":0,"b:7:41:7:49":0,"s:9:25:9:Infinity":1,"s:11:2:18:Infinity":2,"f:11:12:11:Infinity":1,"s:12:22:14:Infinity":3,"f:12:33:12:Infinity":2,"s:13:6:13:Infinity":4,"s:15:4:17:Infinity":5,"f:15:11:15:Infinity":3,"s:16:6:16:Infinity":6,"s:20:23:23:Infinity":7,"f:20:23:20:Infinity":4,"s:21:4:21:Infinity":8,"s:22:4:22:Infinity":9,"s:25:24:29:Infinity":10,"f:25:24:25:25":5,"b:26:4:28:Infinity:undefined:undefined:undefined:undefined":1,"s:26:4:28:Infinity":11,"s:27:6:27:Infinity":12,"f:38:19:38:20":6,"s:38:30:38:Infinity":13}}}
,"/home/luis/Programacion/ReactUdemy/GiphyApp/src/test/giphy.response.data.ts": {"path":"/home/luis/Programacion/ReactUdemy/GiphyApp/src/test/giphy.response.data.ts","statementMap":{"0":{"start":{"line":1,"column":39},"end":{"line":2002,"column":null}}},"fnMap":{},"branchMap":{},"s":{"0":1},"f":{},"b":{},"meta":{"lastBranch":0,"lastFunction":0,"lastStatement":1,"seen":{"s:1:39:2002:Infinity":0}}}
}
